Library/Bee/Android/Prj/IL2CPP/Gradle/launcher/build/intermediates/manifest_merge_blame_file/release/manifest-merger-blame-release-report.txt
1<?xml version="1.0" encoding="utf-8"?>
2<manifest xmlns:android="http://schemas.android.com/apk/res/android"
3    package="com.DefaultCompany.PrototypeTileMaster"
4    android:installLocation="preferExternal"
5    android:versionCode="1"
6    android:versionName="1.0.2" >
7
8    <uses-sdk
9        android:minSdkVersion="22"
9-->src\main\AndroidManifest.xml
10        android:targetSdkVersion="33" />
10-->src\main\AndroidManifest.xml
11
12    <supports-screens
12-->src\main\AndroidManifest.xml:4:3-163
13        android:anyDensity="true"
13-->src\main\AndroidManifest.xml:4:135-160
14        android:largeScreens="true"
14-->src\main\AndroidManifest.xml:4:78-105
15        android:normalScreens="true"
15-->src\main\AndroidManifest.xml:4:49-77
16        android:smallScreens="true"
16-->src\main\AndroidManifest.xml:4:21-48
17        android:xlargeScreens="true" />
17-->src\main\AndroidManifest.xml:4:106-134
18
19    <uses-feature android:glEsVersion="0x00030000" />
19-->[:unityLibrary] AndroidManifest.xml:10:5-54
19-->[:unityLibrary] AndroidManifest.xml:10:19-51
20    <uses-feature
20-->[:unityLibrary] AndroidManifest.xml:11:5-13:36
21        android:name="android.hardware.vulkan.version"
21-->[:unityLibrary] AndroidManifest.xml:12:9-55
22        android:required="false" />
22-->[:unityLibrary] AndroidManifest.xml:13:9-33
23    <uses-feature
23-->[:unityLibrary] AndroidManifest.xml:14:5-16:36
24        android:name="android.hardware.touchscreen"
24-->[:unityLibrary] AndroidManifest.xml:15:9-52
25        android:required="false" />
25-->[:unityLibrary] AndroidManifest.xml:16:9-33
26    <uses-feature
26-->[:unityLibrary] AndroidManifest.xml:17:5-19:36
27        android:name="android.hardware.touchscreen.multitouch"
27-->[:unityLibrary] AndroidManifest.xml:18:9-63
28        android:required="false" />
28-->[:unityLibrary] AndroidManifest.xml:19:9-33
29    <uses-feature
29-->[:unityLibrary] AndroidManifest.xml:20:5-22:36
30        android:name="android.hardware.touchscreen.multitouch.distinct"
30-->[:unityLibrary] AndroidManifest.xml:21:9-72
31        android:required="false" />
31-->[:unityLibrary] AndroidManifest.xml:22:9-33
32
33    <uses-permission android:name="android.permission.POST_NOTIFICATIONS" />
33-->[:unityLibrary] AndroidManifest.xml:24:5-77
33-->[:unityLibrary] AndroidManifest.xml:24:22-74
34
35    <application
35-->src\main\AndroidManifest.xml:3:3-83
36        android:appCategory="game"
36-->[:unityLibrary] AndroidManifest.xml:27:9-35
37        android:extractNativeLibs="true"
37-->[:unityLibrary] AndroidManifest.xml:28:9-41
38        android:icon="@mipmap/app_icon"
38-->src\main\AndroidManifest.xml:3:16-47
39        android:label="@string/app_name" >
39-->src\main\AndroidManifest.xml:3:48-80
40        <meta-data
40-->[:unityLibrary] AndroidManifest.xml:29:9-31:33
41            android:name="unity.splash-mode"
41-->[:unityLibrary] AndroidManifest.xml:30:13-45
42            android:value="0" />
42-->[:unityLibrary] AndroidManifest.xml:31:13-30
43        <meta-data
43-->[:unityLibrary] AndroidManifest.xml:32:9-34:36
44            android:name="unity.splash-enable"
44-->[:unityLibrary] AndroidManifest.xml:33:13-47
45            android:value="True" />
45-->[:unityLibrary] AndroidManifest.xml:34:13-33
46        <meta-data
46-->[:unityLibrary] AndroidManifest.xml:35:9-37:36
47            android:name="unity.launch-fullscreen"
47-->[:unityLibrary] AndroidManifest.xml:36:13-51
48            android:value="True" />
48-->[:unityLibrary] AndroidManifest.xml:37:13-33
49        <meta-data
49-->[:unityLibrary] AndroidManifest.xml:38:9-40:37
50            android:name="unity.allow-resizable-window"
50-->[:unityLibrary] AndroidManifest.xml:39:13-56
51            android:value="False" />
51-->[:unityLibrary] AndroidManifest.xml:40:13-34
52        <meta-data
52-->[:unityLibrary] AndroidManifest.xml:41:9-43:50
53            android:name="notch.config"
53-->[:unityLibrary] AndroidManifest.xml:42:13-40
54            android:value="portrait|landscape" />
54-->[:unityLibrary] AndroidManifest.xml:43:13-47
55        <meta-data
55-->[:unityLibrary] AndroidManifest.xml:44:9-46:36
56            android:name="unity.auto-report-fully-drawn"
56-->[:unityLibrary] AndroidManifest.xml:45:13-57
57            android:value="true" />
57-->[:unityLibrary] AndroidManifest.xml:46:13-33
58        <meta-data
58-->[:unityLibrary] AndroidManifest.xml:47:9-49:36
59            android:name="unity.strip-engine-code"
59-->[:unityLibrary] AndroidManifest.xml:48:13-51
60            android:value="true" />
60-->[:unityLibrary] AndroidManifest.xml:49:13-33
61        <meta-data
61-->[:unityLibrary] AndroidManifest.xml:50:9-52:56
62            android:name="android.game_mode_config"
62-->[:unityLibrary] AndroidManifest.xml:51:13-52
63            android:resource="@xml/game_mode_config" />
63-->[:unityLibrary] AndroidManifest.xml:52:13-53
64
65        <activity
65-->[:unityLibrary] AndroidManifest.xml:54:9-76:20
66            android:name="com.unity3d.player.UnityPlayerActivity"
66-->[:unityLibrary] AndroidManifest.xml:55:13-66
67            android:configChanges="mcc|mnc|locale|touchscreen|keyboard|keyboardHidden|navigation|orientation|screenLayout|uiMode|screenSize|smallestScreenSize|fontScale|layoutDirection|density"
67-->[:unityLibrary] AndroidManifest.xml:56:13-194
68            android:enabled="true"
68-->[:unityLibrary] AndroidManifest.xml:57:13-35
69            android:exported="true"
69-->[:unityLibrary] AndroidManifest.xml:58:13-36
70            android:hardwareAccelerated="false"
70-->[:unityLibrary] AndroidManifest.xml:59:13-48
71            android:launchMode="singleTask"
71-->[:unityLibrary] AndroidManifest.xml:60:13-44
72            android:resizeableActivity="false"
72-->[:unityLibrary] AndroidManifest.xml:61:13-47
73            android:screenOrientation="fullUser"
73-->[:unityLibrary] AndroidManifest.xml:62:13-49
74            android:theme="@style/UnityThemeSelector" >
74-->[:unityLibrary] AndroidManifest.xml:63:13-54
75            <intent-filter>
75-->[:unityLibrary] AndroidManifest.xml:64:13-68:29
76                <category android:name="android.intent.category.LAUNCHER" />
76-->[:unityLibrary] AndroidManifest.xml:65:17-77
76-->[:unityLibrary] AndroidManifest.xml:65:27-74
77
78                <action android:name="android.intent.action.MAIN" />
78-->[:unityLibrary] AndroidManifest.xml:67:17-69
78-->[:unityLibrary] AndroidManifest.xml:67:25-66
79            </intent-filter>
80
81            <meta-data
81-->[:unityLibrary] AndroidManifest.xml:70:13-72:40
82                android:name="unityplayer.UnityActivity"
82-->[:unityLibrary] AndroidManifest.xml:71:17-57
83                android:value="true" />
83-->[:unityLibrary] AndroidManifest.xml:72:17-37
84            <meta-data
84-->[:unityLibrary] AndroidManifest.xml:73:13-75:40
85                android:name="notch_support"
85-->[:unityLibrary] AndroidManifest.xml:74:17-45
86                android:value="true" />
86-->[:unityLibrary] AndroidManifest.xml:75:17-37
87        </activity>
88
89        <receiver
89-->[:unityLibrary] AndroidManifest.xml:78:9-80:40
90            android:name="com.unity.androidnotifications.UnityNotificationManager"
90-->[:unityLibrary] AndroidManifest.xml:79:13-83
91            android:exported="false" />
91-->[:unityLibrary] AndroidManifest.xml:80:13-37
92        <receiver
92-->[:unityLibrary] AndroidManifest.xml:81:9-88:20
93            android:name="com.unity.androidnotifications.UnityNotificationRestartOnBootReceiver"
93-->[:unityLibrary] AndroidManifest.xml:82:13-97
94            android:enabled="false"
94-->[:unityLibrary] AndroidManifest.xml:83:13-36
95            android:exported="false" >
95-->[:unityLibrary] AndroidManifest.xml:84:13-37
96            <intent-filter>
96-->[:unityLibrary] AndroidManifest.xml:85:13-87:29
97                <action android:name="android.intent.action.BOOT_COMPLETED" />
97-->[:unityLibrary] AndroidManifest.xml:86:17-79
97-->[:unityLibrary] AndroidManifest.xml:86:25-76
98            </intent-filter>
99        </receiver>
100
101        <meta-data
101-->[:unityLibrary] AndroidManifest.xml:90:9-92:33
102            android:name="com.unity.androidnotifications.exact_scheduling"
102-->[:unityLibrary] AndroidManifest.xml:91:13-75
103            android:value="0" />
103-->[:unityLibrary] AndroidManifest.xml:92:13-30
104    </application>
105
106</manifest>